(node:128853) Warning: Accessing non-existent property 'padLevels' of module exports inside circular dependency
(Use `node --trace-warnings ...` to show where the warning was created)
Started with the following options:
{
  debug: true,
  mitmIp: '127.0.0.1',
  autoAccess: true,
  autoAccessCache: 5000,
  maxAttemptsPerConnection: 6,
  sshServerIdentifier: 'SSH-2.0-OpenSSH_6.6.1p1 Ubuntu-2ubuntu2',
  containerMountPathPrefix: '/var/lib/lxc',
  containerMountPathSuffix: 'rootfs/',
  loggingAttackerStreams: '/home/student/MITM/logs/session_streams',
  loggingAuthenticationAttempts: '/home/student/MITM/logs/authentication_attempts',
  loggingLogins: '/home/student/MITM/logs/logins',
  loggingLogouts: '/home/student/MITM/logs/logouts',
  loggingKeystrokes: '/home/student/MITM/logs/keystrokes',
  containerName: 'c1',
  containerIp: '10.0.3.157',
  mitmPort: 9804,
  autoAccessFixed: 3
}
[WARNING] Your MITM server is listening on the localhost IP address, you will need to set the following sysctl option for iptables to port forward to a localhost IP:
sysctl -w net.ipv4.conf.all.route_localnet=1
2024-09-28 17:05:08.295 - [Info] MITM Version: 2
2024-09-28 17:05:08.297 - [Info] Auto Access Enabled: true
2024-09-28 17:05:08.297 - [Debug] [Init] Auto Access Theshold Achieved: false
2024-09-28 17:05:08.306 - [Debug] listen EADDRINUSE: address already in use 127.0.0.1:9804
2024-09-28 17:05:08.306 - [Error] Another MITM instance or another program is already listening on this port
{"level":"error","message":"Forever detected script exited with code: 1"}
